  bloodBank.cpp
C:\Users\270112252\OneDrive - UP Education\CS103_Assignment1\bloodBank.cpp(151,17): warning C4129: '|': unrecognized character escape sequence
C:\Users\270112252\OneDrive - UP Education\CS103_Assignment1\bloodBank.cpp(151,17): warning C4129: ' ': unrecognized character escape sequence
C:\Users\270112252\OneDrive - UP Education\CS103_Assignment1\bloodBank.cpp(153,17): warning C4129: '/': unrecognized character escape sequence
C:\Users\270112252\OneDrive - UP Education\CS103_Assignment1\bloodBank.cpp(153,17): warning C4129: ' ': unrecognized character escape sequence
C:\Users\270112252\OneDrive - UP Education\CS103_Assignment1\bloodBank.cpp(153,17): warning C4129: '|': unrecognized character escape sequence
C:\Users\270112252\OneDrive - UP Education\CS103_Assignment1\bloodBank.cpp(155,17): warning C4129: '_': unrecognized character escape sequence
C:\Users\270112252\OneDrive - UP Education\CS103_Assignment1\bloodBank.cpp(312,9): error C2046: illegal case
C:\Users\270112252\OneDrive - UP Education\CS103_Assignment1\bloodBank.cpp(377,9): error C2046: illegal case
C:\Users\270112252\OneDrive - UP Education\CS103_Assignment1\bloodBank.cpp(407,9): error C2046: illegal case
C:\Users\270112252\OneDrive - UP Education\CS103_Assignment1\bloodBank.cpp(428,1): error C2059: syntax error: '}'
C:\Users\270112252\OneDrive - UP Education\CS103_Assignment1\bloodBank.cpp(428,1): error C2143: syntax error: missing ';' before '}'
C:\Users\270112252\OneDrive - UP Education\CS103_Assignment1\bloodBank.cpp(434,1): error C2143: syntax error: missing ';' before '{'
C:\Users\270112252\OneDrive - UP Education\CS103_Assignment1\bloodBank.cpp(434,1): error C2447: '{': missing function header (old-style formal list?)
